# Generated by Log[com.rapidminer.datatable.SimpleDataTable]
# performance
0.6517032792104426
0.6517032792104426
0.6517032792104426
0.649131829647589
0.649131829647589
0.649131829647589
0.649131829647589
0.676989199911836
0.676989199911836
0.676989199911836
0.676989199911836
0.6759361300908578
0.6767320549555507
0.6759361300908578
0.6768055249430608
0.6517032792104426
0.6517032792104426
0.6517032792104426
0.6517032792104426
0.6492420346288541
0.6494379545955478
0.6492420346288541
0.6494746895893028
0.676989199911836
0.676989199911836
0.676989199911836
0.676989199911836
0.6775647148139985
0.6776994097911003
0.6775647148139985
0.6765973599784488
0.6517032792104426
0.6517032792104426
0.6517032792104426
0.6517032792104426
0.6526461440501555
0.6529645139960326
0.6526094090564004
0.6527196140376657
0.676989199911836
0.6776136948056719
0.6770381799035095
0.6780790047265692
0.6811280092082385
0.6801728993706071
0.6803565743393823
0.6802708593539539
0.6560012734797835
0.6560012734797835
0.6560012734797835
0.655842088506845
0.6521930791271765
0.6536012538877869
0.6523522641001152
0.6535400288981951
0.6797198344476282
0.6774912448264884
0.6792055445350574
0.6772953248597948
0.6795361594788529
0.6791443195454657
0.6794749344892611
0.6792545245267309
0.6517032792104426
0.6517032792104426
0.6517032792104426
0.6517032792104426
0.6492052996350991
0.6491563196434257
0.6491563196434257
0.6491440746455073
0.676989199911836
0.676989199911836
0.676989199911836
0.676989199911836
0.6759361300908578
0.6768177699409791
0.6759483750887763
0.6768055249430608
0.6517032792104426
0.6517032792104426
0.6517032792104426
0.6517032792104426
0.6492420346288541
0.6494624445913845
0.6492420346288541
0.6494501995934661
0.676989199911836
0.676989199911836
0.676989199911836
0.676989199911836
0.6772585898660397
0.6769034849264076
0.6772463448681214
0.6765973599784488
0.6517032792104426
0.6517032792104426
0.6517032792104426
0.6517032792104426
0.6527930840251757
0.6526338990522371
0.6526461440501555
0.6529522689981143
0.6769034849264076
0.6773075698577131
0.6767932799451424
0.6772218548722847
0.6793402395121593
0.6797565694413832
0.6795361594788529
0.6796953444517915
0.6556951485318248
0.6556951485318248
0.6556951485318248
0.6556951485318248
0.6520216491563197
0.6534788039086034
0.6519114441750545
0.6534543139127666
0.6795851394705263
0.6778708397619573
0.6795239144809345
0.6781647197119977
0.6797198344476282
0.6793892195038327
0.6799035094164034
0.6796218744642814
0.6517032792104426
0.6517032792104426
0.6517032792104426
0.6517032792104426
0.6494746895893028
0.6494746895893028
0.6494746895893028
0.6494746895893028
0.6773075698577131
0.6767810349472241
0.6774300198368967
0.677025934905591
0.6764871549971837
0.6777116547890187
0.6766340949722038
0.677723899786937
0.6517032792104426
0.6517032792104426
0.6517032792104426
0.6517032792104426
0.6493889746038743
0.6496093845664046
0.6493889746038743
0.6496093845664046
0.6771851198785296
0.6771851198785296
0.6771851198785296
0.6771851198785296
0.6785443146474666
0.6785075796537114
0.6782014547057527
0.6782994146890995
0.6517032792104426
0.6517032792104426
0.6517032792104426
0.6517032792104426
0.6530012489897876
0.6534175789190115
0.6530257389856243
0.6536869688732153
0.6791443195454657
0.679193299537139
0.679156564543384
0.6791688095413024
0.6802218793622805
0.6806382092915044
0.6796830994538731
0.6802831043518722
0.656784953346558
0.656784953346558
0.656784953346558
0.656784953346558
0.6519849141625645
0.6534910489065217
0.6517155242083609
0.6533808439252565
0.6819606690666863
0.6820096490583597
0.6819116890750129
0.6819606690666863
0.6812994391790953
0.6812259691915853
0.681532094139544
0.6809688242352999
0.6517032792104426
0.6517032792104426
0.6517032792104426
0.6517032792104426
0.6494746895893028
0.6495359145788945
0.6494746895893028
0.6495236695809762
0.677197364876448
0.6771116498910196
0.6770136899076727
0.6770994048931012
0.6765973599784488
0.6775647148139985
0.6769402199201626
0.677687164793182
0.6517032792104426
0.6517032792104426
0.6517032792104426
0.6517032792104426
0.6493032596184458
0.6496461195601597
0.6494012196017926
0.6496461195601597
0.6771851198785296
0.6771851198785296
0.6771851198785296
0.6771851198785296
0.6777361447848553
0.6780300247348958
0.6780790047265692
0.6780912497244875
0.6517032792104426
0.6517032792104426
0.6517032792104426
0.6517032792104426
0.6530869639752162
0.6535522738961135
0.653013493987706
0.6536012538877869
0.6790463595621189
0.6790586045600372
0.6789973795704455
0.6791688095413024
0.6803320843435456
0.6799402444101584
0.6796830994538731
0.6797810594372199
0.6564788283985992
0.6564788283985992
0.6564788283985992
0.6564788283985992
0.6539441138295007
0.6531604339627263
0.6541032988024392
0.653050228981461
0.6818871990791762
0.6815933191291358
0.6818382190875028
0.6816055641270541
0.6815198491416257
0.6814096441603605
0.6812014791957486
0.6810912742144833
0.6517032792104426
0.6517032792104426
0.6517032792104426
0.6517032792104426
0.6500869394852203
0.6500869394852203
0.6500869394852203
0.6500869394852203
0.6770381799035095
0.6769769549139176
0.6770381799035095
0.6769647099159993
0.6761932750471432
0.6772463448681214
0.6756544951387359
0.6772708348639581
0.6517032792104426
0.6517032792104426
0.6517032792104426
0.6517032792104426
0.6497318345455881
0.6499644895060368
0.6495971395684863
0.6499644895060368
0.6770504249014277
0.6770014449097543
0.6770504249014277
0.6771116498910196
0.6775769598119168
0.6782504346974261
0.6776014498077535
0.6781279847182426
0.6517032792104426
0.6517032792104426
0.6517032792104426
0.6517032792104426
0.6528543090147675
0.6536502338794602
0.6528298190189308
0.6534543139127666
0.6780667597286508
0.6780055347390591
0.6780177797369774
0.6782014547057527
0.6793402395121593
0.6806504542894227
0.679327994514241
0.6802586143560355
0.6575808782112507
0.6575808782112507
0.6575808782112507
0.6575808782112507
0.6520583841500747
0.6530257389856243
0.6527808390272574
0.6532828839419097
0.6809688242352999
0.6809443342394632
0.6809565792373815
0.6806137192956677
0.68111576421032
0.6805647393039943
0.6809688242352999
0.6806626992873411
0.6517032792104426
0.6517032792104426
0.6517032792104426
0.6517032792104426
0.6500502044914652
0.6500012244997918
0.6500869394852203
0.6500257144956285
0.6770381799035095
0.6770381799035095
0.6770381799035095
0.6770381799035095
0.6763402150221635
0.6772585898660397
0.6764749099992653
0.6772218548722847
0.6517032792104426
0.6517032792104426
0.6517032792104426
0.6517032792104426
0.6497563245414248
0.6499644895060368
0.6497195895476697
0.6499644895060368
0.6771728748806113
0.6772218548722847
0.6771728748806113
0.677234099870203
0.6770381799035095
0.6776259398035902
0.6771238948889379
0.677760634780692
0.6517032792104426
0.6517032792104426
0.6517032792104426
0.6517032792104426
0.6528298190189308
0.6532706389439914
0.6528298190189308
0.6535155389023584
0.6778830847598756
0.6779198197536307
0.6778830847598756
0.6780300247348958
0.6793892195038327
0.6792300345308941
0.6792545245267309
0.6787647246099968
0.6568339333382314
0.6568339333382314
0.6568339333382314
0.6568339333382314
0.6544951387358264
0.6531114539710529
0.6534298239169299
0.6528910440085225
0.6807239242769328
0.680552494306076
0.6807239242769328
0.6806871892831778
0.6810300492248916
0.6805280043102393
0.6811769891999119
0.6806504542894227
0.6517032792104426
0.6517032792104426
0.6517032792104426
0.6517032792104426
0.6504297994269341
0.6504297994269341
0.6504297994269341
0.6504297994269341
0.6769279749222442
0.6767810349472241
0.6770381799035095
0.676989199911836
0.6771238948889379
0.6775647148139985
0.6776504297994269
0.6778218597702839
0.6517032792104426
0.6517032792104426
0.6517032792104426
0.6517032792104426
0.650356329439424
0.6499522445081184
0.6503195944456689
0.6501848994685671
0.6772463448681214
0.6772463448681214
0.6772463448681214
0.6772463448681214
0.6782136997036711
0.678458599662038
0.6784463546641197
0.6788504395954252
0.6517032792104426
0.6517032792104426
0.6504910244165258
0.6517032792104426
0.6533073739377464
0.6545563637254181
0.6533073739377464
0.654482893737908
0.6803933093331375
0.6803933093331375
0.6803198393456273
0.6802708593539539
0.6816912791124825
0.6816790341145642
0.6818504640854212
0.6815443391374624
0.6583645580780251
0.6583645580780251
0.6583645580780251
0.6583645580780251
0.658780888007249
0.6552543286067641
0.659478852888595
0.654446158744153
0.6830014938897461
0.6830014938897461
0.6830014938897461
0.6830137388876644
0.6831606788626846
0.6832219038522763
0.683246393848113
0.683209658854358
0.6517032792104426
0.6517032792104426
0.6517032792104426
0.6517032792104426
0.6504297994269341
0.6504297994269341
0.6504297994269341
0.6504297994269341
0.6769647099159993
0.6767565449513874
0.6770381799035095
0.677025934905591
0.677895329757794
0.6780790047265692
0.6780545147307325
0.677687164793182
0.6517032792104426
0.6517032792104426
0.6517032792104426
0.6517032792104426
0.6503685744373423
0.6500257144956285
0.6500379594935469
0.6500869394852203
0.67740552984106
0.6774300198368967
0.6773810398452232
0.6775402248181618
0.6780055347390591
0.6782014547057527
0.6777361447848553
0.6784341096662013
0.6517032792104426
0.6517032792104426
0.650601229397791
0.6517032792104426
0.6532951289398281
0.6545930987191733
0.6533318639335831
0.6545563637254181
0.6797933044351383
0.6801606543726888
0.6799035094164034
0.6801606543726888
0.6815443391374624
0.6817402591041559
0.6816912791124825
0.681495359145789
0.6576910831925159
0.6576421032008425
0.6576788381945975
0.6575808782112507
0.6605931476991649
0.6547645286900301
0.6602380427595327
0.6553155535963558
0.6828912889084808
0.6827443489334607
0.6828912889084808
0.6828300639188891
0.6831729238606029
0.6834300688168883
0.6832831288418681
0.683209658854358
